<?xml version="1.0" encoding="UTF-8"?>
<!-- Generated by org.testng.reporters.JUnitXMLReporter -->
<testsuite ignored="3" hostname="LP95" failures="0" tests="3" name="Test" time="0.07" errors="0" timestamp="2022-12-15T17:33:47 IST">
  <testcase classname="LetsKodeit.Groupsinthetestng" name="qa" time="0.01"/>
  <testcase classname="LetsKodeit.Groupsinthetestng" name="qw" time="0.003"/>
  <testcase classname="LetsKodeit.Groupsinthetestng" name="qwe" time="0.003"/>
  <testcase classname="testng.Revision2" name="jk" time="0.0">
    <ignored/>
  </testcase> <!-- jk -->
  <testcase classname="testng.Revision2" name="ops" time="0.0">
    <ignored/>
  </testcase> <!-- ops -->
  <testcase classname="testng.Revision2" name="klm" time="0.0">
    <ignored/>
  </testcase> <!-- klm -->
</testsuite> <!-- Test -->
